

Microchip MPLAB XC8 Assembler V2.31 build 20201012212115 
                                                                                               Tue Apr 27 10:26:12 2021

Microchip MPLAB XC8 C Compiler v2.31 (Free license) build 20201012212115 Og1 
     1                           	processor	16F887
     2                           	pagewidth 120
     3                           	opt	flic
     4                           	psect	cinit,global,class=CODE,merge=1,delta=2
     5                           	psect	cstackCOMMON,global,class=COMMON,space=1,delta=1,noexec
     6                           	psect	maintext,global,class=CODE,split=1,delta=2
     7                           	psect	text1,local,class=CODE,merge=1,delta=2
     8                           	psect	text2,local,class=CODE,merge=1,delta=2
     9                           	psect	intentry,global,class=CODE,delta=2
    10                           	psect	config,global,abs,ovrld,class=CONFIG,space=4,delta=2,noexec
    11                           	dabs	1,0x7E,2
    12  0000                     
    13                           ; Version 2.20
    14                           ; Generated 12/02/2020 GMT
    15                           ; 
    16                           ; Copyright © 2020, Microchip Technology Inc. and its subsidiaries ("Microchip")
    17                           ; All rights reserved.
    18                           ; 
    19                           ; This software is developed by Microchip Technology Inc. and its subsidiaries ("Microch
      +                          ip").
    20                           ; 
    21                           ; Redistribution and use in source and binary forms, with or without modification, are
    22                           ; permitted provided that the following conditions are met:
    23                           ; 
    24                           ;     1. Redistributions of source code must retain the above copyright notice, this lis
      +                          t of
    25                           ;        conditions and the following disclaimer.
    26                           ; 
    27                           ;     2. Redistributions in binary form must reproduce the above copyright notice, this 
      +                          list
    28                           ;        of conditions and the following disclaimer in the documentation and/or other
    29                           ;        materials provided with the distribution.
    30                           ; 
    31                           ;     3. Microchip's name may not be used to endorse or promote products derived from th
      +                          is
    32                           ;        software without specific prior written permission.
    33                           ; 
    34                           ; THIS SOFTWARE IS PROVIDED BY MICROCHIP "AS IS" AND ANY EXPRESS OR IMPLIED WARRANTIES,
    35                           ; INCLUDING, BUT NOT LIMITED TO, THE IMPLIED WARRANTIES OF MERCHANTABILITY AND FITNESS F
      +                          OR
    36                           ; PURPOSE ARE DISCLAIMED.  IN NO EVENT SHALL MICROCHIP BE LIABLE FOR ANY DIRECT, INDIREC
      +                          T,
    37                           ; INCIDENTAL, SPECIAL, EXEMPLARY, OR CONSEQUENTIAL DAMAGES (INCLUDING BUT NOT LIMITED TO
    38                           ; PROCUREMENT OF SUBSTITUTE GOODS OR SERVICES; LOSS OF USE, DATA OR PROFITS; OR BUSINESS
    39                           ; INTERRUPTION) HOWSOEVER CAUSED AND ON ANY THEORY OF LIABILITY, WHETHER IN CONTRACT, ST
      +                          RICT
    40                           ; LIABILITY, OR TORT (INCLUDING NEGLIGENCE OR OTHERWISE) ARISING IN ANY WAY OUT OF THE U
      +                          SE OF
    41                           ; THIS SOFTWARE, EVEN IF ADVISED OF THE POSSIBILITY OF SUCH DAMAGE.
    42                           ; 
    43                           ; 
    44                           ; Code-generator required, PIC16F887 Definitions
    45                           ; 
    46                           ; SFR Addresses
    47  0000                     	;# 
    48  0001                     	;# 
    49  0002                     	;# 
    50  0003                     	;# 
    51  0004                     	;# 
    52  0005                     	;# 
    53  0006                     	;# 
    54  0007                     	;# 
    55  0008                     	;# 
    56  0009                     	;# 
    57  000A                     	;# 
    58  000B                     	;# 
    59  000C                     	;# 
    60  000D                     	;# 
    61  000E                     	;# 
    62  000E                     	;# 
    63  000F                     	;# 
    64  0010                     	;# 
    65  0011                     	;# 
    66  0012                     	;# 
    67  0013                     	;# 
    68  0014                     	;# 
    69  0015                     	;# 
    70  0015                     	;# 
    71  0016                     	;# 
    72  0017                     	;# 
    73  0018                     	;# 
    74  0019                     	;# 
    75  001A                     	;# 
    76  001B                     	;# 
    77  001B                     	;# 
    78  001C                     	;# 
    79  001D                     	;# 
    80  001E                     	;# 
    81  001F                     	;# 
    82  0081                     	;# 
    83  0085                     	;# 
    84  0086                     	;# 
    85  0087                     	;# 
    86  0088                     	;# 
    87  0089                     	;# 
    88  008C                     	;# 
    89  008D                     	;# 
    90  008E                     	;# 
    91  008F                     	;# 
    92  0090                     	;# 
    93  0091                     	;# 
    94  0092                     	;# 
    95  0093                     	;# 
    96  0093                     	;# 
    97  0093                     	;# 
    98  0094                     	;# 
    99  0095                     	;# 
   100  0096                     	;# 
   101  0097                     	;# 
   102  0098                     	;# 
   103  0099                     	;# 
   104  009A                     	;# 
   105  009B                     	;# 
   106  009C                     	;# 
   107  009D                     	;# 
   108  009E                     	;# 
   109  009F                     	;# 
   110  0105                     	;# 
   111  0107                     	;# 
   112  0108                     	;# 
   113  0109                     	;# 
   114  010C                     	;# 
   115  010C                     	;# 
   116  010D                     	;# 
   117  010E                     	;# 
   118  010F                     	;# 
   119  0185                     	;# 
   120  0187                     	;# 
   121  0188                     	;# 
   122  0189                     	;# 
   123  018C                     	;# 
   124  018D                     	;# 
   125  0000                     	;# 
   126  0001                     	;# 
   127  0002                     	;# 
   128  0003                     	;# 
   129  0004                     	;# 
   130  0005                     	;# 
   131  0006                     	;# 
   132  0007                     	;# 
   133  0008                     	;# 
   134  0009                     	;# 
   135  000A                     	;# 
   136  000B                     	;# 
   137  000C                     	;# 
   138  000D                     	;# 
   139  000E                     	;# 
   140  000E                     	;# 
   141  000F                     	;# 
   142  0010                     	;# 
   143  0011                     	;# 
   144  0012                     	;# 
   145  0013                     	;# 
   146  0014                     	;# 
   147  0015                     	;# 
   148  0015                     	;# 
   149  0016                     	;# 
   150  0017                     	;# 
   151  0018                     	;# 
   152  0019                     	;# 
   153  001A                     	;# 
   154  001B                     	;# 
   155  001B                     	;# 
   156  001C                     	;# 
   157  001D                     	;# 
   158  001E                     	;# 
   159  001F                     	;# 
   160  0081                     	;# 
   161  0085                     	;# 
   162  0086                     	;# 
   163  0087                     	;# 
   164  0088                     	;# 
   165  0089                     	;# 
   166  008C                     	;# 
   167  008D                     	;# 
   168  008E                     	;# 
   169  008F                     	;# 
   170  0090                     	;# 
   171  0091                     	;# 
   172  0092                     	;# 
   173  0093                     	;# 
   174  0093                     	;# 
   175  0093                     	;# 
   176  0094                     	;# 
   177  0095                     	;# 
   178  0096                     	;# 
   179  0097                     	;# 
   180  0098                     	;# 
   181  0099                     	;# 
   182  009A                     	;# 
   183  009B                     	;# 
   184  009C                     	;# 
   185  009D                     	;# 
   186  009E                     	;# 
   187  009F                     	;# 
   188  0105                     	;# 
   189  0107                     	;# 
   190  0108                     	;# 
   191  0109                     	;# 
   192  010C                     	;# 
   193  010C                     	;# 
   194  010D                     	;# 
   195  010E                     	;# 
   196  010F                     	;# 
   197  0185                     	;# 
   198  0187                     	;# 
   199  0188                     	;# 
   200  0189                     	;# 
   201  018C                     	;# 
   202  018D                     	;# 
   203  000B                     _INTCONbits	set	11
   204  0012                     _T2CONbits	set	18
   205  0007                     _PORTC	set	7
   206  0005                     _PORTA	set	5
   207  001D                     _CCP2CONbits	set	29
   208  001B                     _CCPR2L	set	27
   209  0006                     _PORTBbits	set	6
   210  0017                     _CCP1CONbits	set	23
   211  0015                     _CCPR1L	set	21
   212  001E                     _ADRESH	set	30
   213  0006                     _PORTB	set	6
   214  000C                     _PIR1bits	set	12
   215  001F                     _ADCON0bits	set	31
   216  008C                     _PIE1bits	set	140
   217  0092                     _PR2	set	146
   218  009F                     _ADCON1bits	set	159
   219  0087                     _TRISC	set	135
   220  0086                     _TRISB	set	134
   221  0085                     _TRISA	set	133
   222  008F                     _OSCCONbits	set	143
   223  009E                     _ADRESL	set	158
   224  0188                     _ANSEL	set	392
   225  0189                     _ANSELH	set	393
   226                           
   227                           	psect	cinit
   228  000F                     start_initialization:	
   229                           ; #config settings
   230                           
   231  000F                     __initialization:
   232  000F                     end_of_initialization:	
   233                           ;End of C runtime variable initialization code
   234                           
   235  000F                     __end_of__initialization:
   236  000F  0183               	clrf	3
   237  0010  120A  118A  28CB   	ljmp	_main	;jump to C main() function
   238                           
   239                           	psect	cstackCOMMON
   240  0070                     __pcstackCOMMON:
   241  0070                     ?_setup:
   242  0070                     ?_main:	
   243                           ; 1 bytes @ 0x0
   244                           
   245  0070                     ?_isr:	
   246                           ; 1 bytes @ 0x0
   247                           
   248  0070                     ??_isr:	
   249                           ; 1 bytes @ 0x0
   250                           
   251                           
   252                           ; 1 bytes @ 0x0
   253  0070                     	ds	4
   254  0074                     ??_setup:
   255                           
   256                           ; 1 bytes @ 0x4
   257  0074                     	ds	1
   258  0075                     ??_main:
   259                           
   260                           ; 1 bytes @ 0x5
   261  0075                     	ds	1
   262                           
   263                           	psect	maintext
   264  00CB                     __pmaintext:	
   265 ;;
   266 ;;Main: autosize = 0, tempsize = 1, incstack = 0, save=0
   267 ;;
   268 ;; *************** function _main *****************
   269 ;; Defined at:
   270 ;;		line 62 in file "lab09_main.c"
   271 ;; Parameters:    Size  Location     Type
   272 ;;		None
   273 ;; Auto vars:     Size  Location     Type
   274 ;;		None
   275 ;; Return value:  Size  Location     Type
   276 ;;                  1    wreg      void 
   277 ;; Registers used:
   278 ;;		wreg, status,2, status,0, pclath, cstack
   279 ;; Tracked objects:
   280 ;;		On entry : B00/0
   281 ;;		On exit  : 0/0
   282 ;;		Unchanged: 0/0
   283 ;; Data sizes:     COMMON   BANK0   BANK1   BANK3   BANK2
   284 ;;      Params:         0       0       0       0       0
   285 ;;      Locals:         0       0       0       0       0
   286 ;;      Temps:          1       0       0       0       0
   287 ;;      Totals:         1       0       0       0       0
   288 ;;Total ram usage:        1 bytes
   289 ;; Hardware stack levels required when called:    2
   290 ;; This function calls:
   291 ;;		_setup
   292 ;; This function is called by:
   293 ;;		Startup code after reset
   294 ;; This function uses a non-reentrant model
   295 ;;
   296                           
   297                           
   298                           ;psect for function _main
   299  00CB                     _main:
   300  00CB                     l715:	
   301                           ;incstack = 0
   302                           ; Regs used in _main: [wreg+status,2+status,0+pclath+cstack]
   303                           
   304                           
   305                           ;lab09_main.c: 63:     TRISB = 0x00;
   306  00CB  120A  118A  2077  120A  118A  	fcall	_setup
   307  00D0                     l717:
   308                           
   309                           ;lab09_main.c: 64:     TRISC = 0x00;
   310  00D0  1283               	bcf	3,5	;RP0=0, select bank0
   311  00D1  1303               	bcf	3,6	;RP1=0, select bank0
   312  00D2  149F               	bsf	31,1	;volatile
   313  00D3                     l719:
   314                           
   315                           ;lab09_main.c: 66:     PORTA = 0x00;;lab09_main.c: 67:     PORTB = 0x00;
   316  00D3  189F               	btfsc	31,1	;volatile
   317  00D4  28D6               	goto	u21
   318  00D5  28D7               	goto	u20
   319  00D6                     u21:
   320  00D6  28D3               	goto	l719
   321  00D7                     u20:
   322  00D7                     l721:
   323                           
   324                           ;lab09_main.c: 68:     PORTC = 0x00;
   325  00D7  0C1F               	rrf	31,w	;volatile
   326  00D8  00F5               	movwf	??_main
   327  00D9  0C75               	rrf	??_main,w
   328  00DA  390F               	andlw	15
   329  00DB  3A00               	xorlw	0
   330  00DC  1D03               	skipz
   331  00DD  28DF               	goto	u31
   332  00DE  28E0               	goto	u30
   333  00DF                     u31:
   334  00DF  28E5               	goto	l725
   335  00E0                     u30:
   336  00E0                     l723:
   337                           
   338                           ;lab09_main.c: 69: 
   339  00E0  081F               	movf	31,w	;volatile
   340  00E1  39C3               	andlw	-61
   341  00E2  3804               	iorlw	4
   342  00E3  009F               	movwf	31	;volatile
   343  00E4  28E7               	goto	l727
   344  00E5                     l725:
   345                           
   346                           ;lab09_main.c: 71:     ADCON1bits.ADFM = 0;
   347  00E5  30C3               	movlw	-61
   348  00E6  059F               	andwf	31,f	;volatile
   349  00E7                     l727:
   350                           
   351                           ;lab09_main.c: 73:     ADCON1bits.VCFG1 = 0;
   352  00E7  3021               	movlw	33
   353  00E8  00F5               	movwf	??_main
   354  00E9                     u127:
   355  00E9  0BF5               	decfsz	??_main,f
   356  00EA  28E9               	goto	u127
   357  00EB                     l729:
   358                           
   359                           ;lab09_main.c: 74: 
   360  00EB  1283               	bcf	3,5	;RP0=0, select bank0
   361  00EC  1303               	bcf	3,6	;RP1=0, select bank0
   362  00ED  149F               	bsf	31,1	;volatile
   363  00EE  28D3               	goto	l719
   364  00EF  120A  118A  280C   	ljmp	start
   365  00F2                     __end_of_main:
   366                           
   367                           	psect	text1
   368  0077                     __ptext1:	
   369 ;; *************** function _setup *****************
   370 ;; Defined at:
   371 ;;		line 103 in file "lab09_main.c"
   372 ;; Parameters:    Size  Location     Type
   373 ;;		None
   374 ;; Auto vars:     Size  Location     Type
   375 ;;		None
   376 ;; Return value:  Size  Location     Type
   377 ;;                  1    wreg      void 
   378 ;; Registers used:
   379 ;;		wreg, status,2, status,0
   380 ;; Tracked objects:
   381 ;;		On entry : 0/0
   382 ;;		On exit  : 0/0
   383 ;;		Unchanged: 0/0
   384 ;; Data sizes:     COMMON   BANK0   BANK1   BANK3   BANK2
   385 ;;      Params:         0       0       0       0       0
   386 ;;      Locals:         0       0       0       0       0
   387 ;;      Temps:          1       0       0       0       0
   388 ;;      Totals:         1       0       0       0       0
   389 ;;Total ram usage:        1 bytes
   390 ;; Hardware stack levels used:    1
   391 ;; Hardware stack levels required when called:    1
   392 ;; This function calls:
   393 ;;		Nothing
   394 ;; This function is called by:
   395 ;;		_main
   396 ;; This function uses a non-reentrant model
   397 ;;
   398                           
   399                           
   400                           ;psect for function _setup
   401  0077                     _setup:
   402  0077                     l667:	
   403                           ;incstack = 0
   404                           ; Regs used in _setup: [wreg+status,2+status,0]
   405                           
   406                           
   407                           ;lab09_main.c: 106:  }
   408  0077  1683               	bsf	3,5	;RP0=1, select bank1
   409  0078  1303               	bcf	3,6	;RP1=0, select bank1
   410  0079  170F               	bsf	15,6	;volatile
   411  007A  168F               	bsf	15,5	;volatile
   412  007B  160F               	bsf	15,4	;volatile
   413  007C  140F               	bsf	15,0	;volatile
   414  007D                     l669:
   415  007D  1683               	bsf	3,5	;RP0=1, select bank3
   416  007E  1703               	bsf	3,6	;RP1=1, select bank3
   417  007F  0189               	clrf	9	;volatile
   418  0080                     l671:
   419  0080  3003               	movlw	3
   420  0081  0088               	movwf	8	;volatile
   421  0082                     l673:
   422  0082  3003               	movlw	3
   423  0083  1683               	bsf	3,5	;RP0=1, select bank1
   424  0084  1303               	bcf	3,6	;RP1=0, select bank1
   425  0085  0085               	movwf	5	;volatile
   426  0086  0186               	clrf	6	;volatile
   427  0087  0187               	clrf	7	;volatile
   428  0088  1283               	bcf	3,5	;RP0=0, select bank0
   429  0089  1303               	bcf	3,6	;RP1=0, select bank0
   430  008A  0185               	clrf	5	;volatile
   431  008B  0186               	clrf	6	;volatile
   432  008C  0187               	clrf	7	;volatile
   433  008D                     l675:
   434  008D  1683               	bsf	3,5	;RP0=1, select bank1
   435  008E  1303               	bcf	3,6	;RP1=0, select bank1
   436  008F  139F               	bcf	31,7	;volatile
   437  0090                     l677:
   438  0090  121F               	bcf	31,4	;volatile
   439  0091                     l679:
   440  0091  129F               	bcf	31,5	;volatile
   441  0092                     l681:
   442  0092  1283               	bcf	3,5	;RP0=0, select bank0
   443  0093  1303               	bcf	3,6	;RP1=0, select bank0
   444  0094  081F               	movf	31,w	;volatile
   445  0095  393F               	andlw	-193
   446  0096  3880               	iorlw	128
   447  0097  009F               	movwf	31	;volatile
   448  0098                     l683:
   449  0098  30C3               	movlw	-61
   450  0099  059F               	andwf	31,f	;volatile
   451  009A                     l685:
   452  009A  3021               	movlw	33
   453  009B  00F4               	movwf	??_setup
   454  009C                     u137:
   455  009C  0BF4               	decfsz	??_setup,f
   456  009D  289C               	goto	u137
   457  009E                     l687:
   458  009E  1283               	bcf	3,5	;RP0=0, select bank0
   459  009F  1303               	bcf	3,6	;RP1=0, select bank0
   460  00A0  141F               	bsf	31,0	;volatile
   461  00A1                     l689:
   462  00A1  30FA               	movlw	250
   463  00A2  1683               	bsf	3,5	;RP0=1, select bank1
   464  00A3  1303               	bcf	3,6	;RP1=0, select bank1
   465  00A4  0092               	movwf	18	;volatile
   466  00A5                     l691:
   467  00A5  303F               	movlw	-193
   468  00A6  1283               	bcf	3,5	;RP0=0, select bank0
   469  00A7  1303               	bcf	3,6	;RP1=0, select bank0
   470  00A8  0597               	andwf	23,f	;volatile
   471  00A9                     l693:
   472  00A9  0817               	movf	23,w	;volatile
   473  00AA  39F0               	andlw	-16
   474  00AB  380C               	iorlw	12
   475  00AC  0097               	movwf	23	;volatile
   476  00AD                     l695:
   477  00AD  081D               	movf	29,w	;volatile
   478  00AE  39F0               	andlw	-16
   479  00AF  380C               	iorlw	12
   480  00B0  009D               	movwf	29	;volatile
   481  00B1                     l697:
   482  00B1  300F               	movlw	15
   483  00B2  0095               	movwf	21	;volatile
   484  00B3                     l699:
   485  00B3  300F               	movlw	15
   486  00B4  009B               	movwf	27	;volatile
   487  00B5                     l701:
   488  00B5  30CF               	movlw	-49
   489  00B6  0597               	andwf	23,f	;volatile
   490  00B7                     l703:
   491  00B7  129D               	bcf	29,5	;volatile
   492  00B8                     l705:
   493  00B8  121D               	bcf	29,4	;volatile
   494  00B9                     l707:
   495  00B9  108C               	bcf	12,1	;volatile
   496  00BA                     l709:
   497  00BA  1492               	bsf	18,1	;volatile
   498  00BB                     l711:
   499  00BB  1412               	bsf	18,0	;volatile
   500  00BC                     l713:
   501  00BC  1512               	bsf	18,2	;volatile
   502  00BD                     l72:
   503  00BD  1C8C               	btfss	12,1	;volatile
   504  00BE  28C0               	goto	u11
   505  00BF  28C1               	goto	u10
   506  00C0                     u11:
   507  00C0  28BD               	goto	l72
   508  00C1                     u10:
   509  00C1                     l74:
   510  00C1  108C               	bcf	12,1	;volatile
   511  00C2  178B               	bsf	11,7	;volatile
   512  00C3  170B               	bsf	11,6	;volatile
   513  00C4  1683               	bsf	3,5	;RP0=1, select bank1
   514  00C5  1303               	bcf	3,6	;RP1=0, select bank1
   515  00C6  170C               	bsf	12,6	;volatile
   516  00C7  1283               	bcf	3,5	;RP0=0, select bank0
   517  00C8  1303               	bcf	3,6	;RP1=0, select bank0
   518  00C9  130C               	bcf	12,6	;volatile
   519  00CA                     l75:
   520  00CA  0008               	return
   521  00CB                     __end_of_setup:
   522                           
   523                           	psect	text2
   524  0013                     __ptext2:	
   525 ;; *************** function _isr *****************
   526 ;; Defined at:
   527 ;;		line 80 in file "lab09_main.c"
   528 ;; Parameters:    Size  Location     Type
   529 ;;		None
   530 ;; Auto vars:     Size  Location     Type
   531 ;;		None
   532 ;; Return value:  Size  Location     Type
   533 ;;                  1    wreg      void 
   534 ;; Registers used:
   535 ;;		wreg, status,2, status,0
   536 ;; Tracked objects:
   537 ;;		On entry : 0/0
   538 ;;		On exit  : 0/0
   539 ;;		Unchanged: 0/0
   540 ;; Data sizes:     COMMON   BANK0   BANK1   BANK3   BANK2
   541 ;;      Params:         0       0       0       0       0
   542 ;;      Locals:         0       0       0       0       0
   543 ;;      Temps:          4       0       0       0       0
   544 ;;      Totals:         4       0       0       0       0
   545 ;;Total ram usage:        4 bytes
   546 ;; Hardware stack levels used:    1
   547 ;; This function calls:
   548 ;;		Nothing
   549 ;; This function is called by:
   550 ;;		Interrupt level 1
   551 ;; This function uses a non-reentrant model
   552 ;;
   553                           
   554                           
   555                           ;psect for function _isr
   556  0013                     _isr:
   557  0013                     i1l731:
   558                           
   559                           ;lab09_main.c: 82:     CCP1CONbits.P1M = 0;
   560  0013  1283               	bcf	3,5	;RP0=0, select bank0
   561  0014  1303               	bcf	3,6	;RP1=0, select bank0
   562  0015  1F0C               	btfss	12,6	;volatile
   563  0016  2818               	goto	u4_21
   564  0017  2819               	goto	u4_20
   565  0018                     u4_21:
   566  0018  2870               	goto	i1l69
   567  0019                     u4_20:
   568  0019                     i1l733:
   569                           
   570                           ;lab09_main.c: 83:     CCP1CONbits.CCP1M = 0b00001100;
   571  0019  0C1F               	rrf	31,w	;volatile
   572  001A  00F0               	movwf	??_isr
   573  001B  0C70               	rrf	??_isr,w
   574  001C  390F               	andlw	15
   575  001D  3A00               	xorlw	0
   576  001E  1D03               	skipz
   577  001F  2821               	goto	u5_21
   578  0020  2822               	goto	u5_20
   579  0021                     u5_21:
   580  0021  2849               	goto	i1l743
   581  0022                     u5_20:
   582  0022                     i1l735:
   583                           
   584                           ;lab09_main.c: 84:     CCP2CONbits.CCP2M = 0b00001100;
   585  0022  081E               	movf	30,w	;volatile
   586  0023  0086               	movwf	6	;volatile
   587  0024                     i1l737:
   588                           
   589                           ;lab09_main.c: 85: 
   590  0024  0806               	movf	6,w	;volatile
   591  0025  00F0               	movwf	??_isr
   592  0026  1003               	clrc
   593  0027  0C70               	rrf	??_isr,w
   594  0028  3E80               	addlw	128
   595  0029  0095               	movwf	21	;volatile
   596  002A                     i1l739:
   597                           
   598                           ;lab09_main.c: 86:     CCPR1L = 0x0F;
   599  002A  1806               	btfsc	6,0	;volatile
   600  002B  282D               	goto	u6_21
   601  002C  2831               	goto	u6_20
   602  002D                     u6_21:
   603  002D  1283               	bcf	3,5	;RP0=0, select bank0
   604  002E  1303               	bcf	3,6	;RP1=0, select bank0
   605  002F  1697               	bsf	23,5	;volatile
   606  0030  2834               	goto	u7_24
   607  0031                     u6_20:
   608  0031  1283               	bcf	3,5	;RP0=0, select bank0
   609  0032  1303               	bcf	3,6	;RP1=0, select bank0
   610  0033  1297               	bcf	23,5	;volatile
   611  0034                     u7_24:
   612  0034                     i1l741:
   613                           
   614                           ;lab09_main.c: 87:     CCPR2L = 0x0F;
   615  0034  1683               	bsf	3,5	;RP0=1, select bank1
   616  0035  1303               	bcf	3,6	;RP1=0, select bank1
   617  0036  081E               	movf	30,w	;volatile
   618  0037  00F0               	movwf	??_isr
   619  0038  3007               	movlw	7
   620  0039                     u8_25:
   621  0039  1003               	clrc
   622  003A  0CF0               	rrf	??_isr,f
   623  003B  3EFF               	addlw	-1
   624  003C  1D03               	skipz
   625  003D  2839               	goto	u8_25
   626  003E  0870               	movf	??_isr,w
   627  003F  00F1               	movwf	??_isr+1
   628  0040  0EF1               	swapf	??_isr+1,f
   629  0041  1283               	bcf	3,5	;RP0=0, select bank0
   630  0042  1303               	bcf	3,6	;RP1=0, select bank0
   631  0043  0817               	movf	23,w	;volatile
   632  0044  0671               	xorwf	??_isr+1,w
   633  0045  39EF               	andlw	-17
   634  0046  0671               	xorwf	??_isr+1,w
   635  0047  0097               	movwf	23	;volatile
   636  0048  286F               	goto	i1l751
   637  0049                     i1l743:
   638                           
   639                           ;lab09_main.c: 90:     CCP2CONbits.DC2B0 = 0;
   640  0049  081E               	movf	30,w	;volatile
   641  004A  0086               	movwf	6	;volatile
   642  004B                     i1l745:
   643                           
   644                           ;lab09_main.c: 91: 
   645  004B  0806               	movf	6,w	;volatile
   646  004C  00F0               	movwf	??_isr
   647  004D  1003               	clrc
   648  004E  0C70               	rrf	??_isr,w
   649  004F  3E80               	addlw	128
   650  0050  009B               	movwf	27	;volatile
   651  0051                     i1l747:
   652                           
   653                           ;lab09_main.c: 92:     PIR1bits.TMR2IF = 0;
   654  0051  1806               	btfsc	6,0	;volatile
   655  0052  2854               	goto	u9_21
   656  0053  2858               	goto	u9_20
   657  0054                     u9_21:
   658  0054  1283               	bcf	3,5	;RP0=0, select bank0
   659  0055  1303               	bcf	3,6	;RP1=0, select bank0
   660  0056  169D               	bsf	29,5	;volatile
   661  0057  285B               	goto	u10_24
   662  0058                     u9_20:
   663  0058  1283               	bcf	3,5	;RP0=0, select bank0
   664  0059  1303               	bcf	3,6	;RP1=0, select bank0
   665  005A  129D               	bcf	29,5	;volatile
   666  005B                     u10_24:
   667  005B                     i1l749:
   668                           
   669                           ;lab09_main.c: 93:     T2CONbits.T2CKPS1 = 1;
   670  005B  1683               	bsf	3,5	;RP0=1, select bank1
   671  005C  1303               	bcf	3,6	;RP1=0, select bank1
   672  005D  081E               	movf	30,w	;volatile
   673  005E  00F0               	movwf	??_isr
   674  005F  3007               	movlw	7
   675  0060                     u11_25:
   676  0060  1003               	clrc
   677  0061  0CF0               	rrf	??_isr,f
   678  0062  3EFF               	addlw	-1
   679  0063  1D03               	skipz
   680  0064  2860               	goto	u11_25
   681  0065  0870               	movf	??_isr,w
   682  0066  00F1               	movwf	??_isr+1
   683  0067  0EF1               	swapf	??_isr+1,f
   684  0068  1283               	bcf	3,5	;RP0=0, select bank0
   685  0069  1303               	bcf	3,6	;RP1=0, select bank0
   686  006A  081D               	movf	29,w	;volatile
   687  006B  0671               	xorwf	??_isr+1,w
   688  006C  39EF               	andlw	-17
   689  006D  0671               	xorwf	??_isr+1,w
   690  006E  009D               	movwf	29	;volatile
   691  006F                     i1l751:
   692                           
   693                           ;lab09_main.c: 95:     T2CONbits.TMR2ON = 1;
   694  006F  130C               	bcf	12,6	;volatile
   695  0070                     i1l69:
   696  0070  0873               	movf	??_isr+3,w
   697  0071  008A               	movwf	10
   698  0072  0E72               	swapf	??_isr+2,w
   699  0073  0083               	movwf	3
   700  0074  0EFE               	swapf	btemp,f
   701  0075  0E7E               	swapf	btemp,w
   702  0076  0009               	retfie
   703  0077                     __end_of_isr:
   704  007E                     btemp	set	126	;btemp
   705  007E                     wtemp0	set	126
   706                           
   707                           	psect	intentry
   708  0004                     __pintentry:	
   709                           ;incstack = 0
   710                           ; Regs used in _isr: [wreg+status,2+status,0]
   711                           
   712  0004                     interrupt_function:
   713  007E                     saved_w	set	btemp
   714  0004  00FE               	movwf	btemp
   715  0005  0E03               	swapf	3,w
   716  0006  00F2               	movwf	??_isr+2
   717  0007  080A               	movf	10,w
   718  0008  00F3               	movwf	??_isr+3
   719  0009  120A  118A  2813   	ljmp	_isr
   720                           
   721                           	psect	config
   722                           
   723                           ;Config register CONFIG1 @ 0x2007
   724                           ;	Oscillator Selection bits
   725                           ;	FOSC = INTRC_NOCLKOUT, INTOSCIO oscillator: I/O function on RA6/OSC2/CLKOUT pin, I/O f
      +                          unction on RA7/OSC1/CLKIN
   726                           ;	Watchdog Timer Enable bit
   727                           ;	WDTE = OFF, WDT disabled and can be enabled by SWDTEN bit of the WDTCON register
   728                           ;	Power-up Timer Enable bit
   729                           ;	PWRTE = ON, PWRT enabled
   730                           ;	RE3/MCLR pin function select bit
   731                           ;	MCLRE = OFF, RE3/MCLR pin function is digital input, MCLR internally tied to VDD
   732                           ;	Code Protection bit
   733                           ;	CP = OFF, Program memory code protection is disabled
   734                           ;	Data Code Protection bit
   735                           ;	CPD = OFF, Data memory code protection is disabled
   736                           ;	Brown Out Reset Selection bits
   737                           ;	BOREN = OFF, BOR disabled
   738                           ;	Internal External Switchover bit
   739                           ;	IESO = OFF, Internal/External Switchover mode is disabled
   740                           ;	Fail-Safe Clock Monitor Enabled bit
   741                           ;	FCMEN = OFF, Fail-Safe Clock Monitor is disabled
   742                           ;	Low Voltage Programming Enable bit
   743                           ;	LVP = ON, RB3/PGM pin has PGM function, low voltage programming enabled
   744                           ;	In-Circuit Debugger Mode bit
   745                           ;	DEBUG = 0x1, unprogrammed default
   746  2007                     	org	8199
   747  2007  30C4               	dw	12484
   748                           
   749                           ;Config register CONFIG2 @ 0x2008
   750                           ;	Brown-out Reset Selection bit
   751                           ;	BOR4V = BOR40V, Brown-out Reset set to 4.0V
   752                           ;	Flash Program Memory Self Write Enable bits
   753                           ;	WRT = OFF, Write protection off
   754  2008                     	org	8200
   755  2008  3FFF               	dw	16383

Data Sizes:
    Strings     0
    Constant    0
    Data        0
    BSS         0
    Persistent  0
    Stack       0

Auto Spaces:
    Space          Size  Autos    Used
    COMMON           14      6       6
    BANK0            80      0       0
    BANK1            80      0       0
    BANK3            96      0       0
    BANK2            96      0       0

Pointer List with Targets:

    None.

Critical Paths under _main in COMMON

    _main->_setup

Critical Paths under _isr in COMMON

    None.

Critical Paths under _main in BANK0

    None.

Critical Paths under _isr in BANK0

    None.

Critical Paths under _main in BANK1

    None.

Critical Paths under _isr in BANK1

    None.

Critical Paths under _main in BANK3

    None.

Critical Paths under _isr in BANK3

    None.

Critical Paths under _main in BANK2

    None.

Critical Paths under _isr in BANK2

    None.

Call Graph Tables:

 ---------------------------------------------------------------------------------
 (Depth) Function   	        Calls       Base Space   Used Autos Params    Refs
 ---------------------------------------------------------------------------------
 (0) _main                                                 1     1      0       0
                                              5 COMMON     1     1      0
                              _setup
 ---------------------------------------------------------------------------------
 (1) _setup                                                1     1      0       0
                                              4 COMMON     1     1      0
 ---------------------------------------------------------------------------------
 Estimated maximum stack depth 1
 ---------------------------------------------------------------------------------
 (Depth) Function   	        Calls       Base Space   Used Autos Params    Refs
 ---------------------------------------------------------------------------------
 (2) _isr                                                  4     4      0       0
                                              0 COMMON     4     4      0
 ---------------------------------------------------------------------------------
 Estimated maximum stack depth 2
 ---------------------------------------------------------------------------------

 Call Graph Graphs:

 _main (ROOT)
   _setup

 _isr (ROOT)

 Address spaces:
Name               Size   Autos  Total    Cost      Usage
BITCOMMON            E      0       0       0        0.0%
EEDATA             100      0       0       0        0.0%
NULL                 0      0       0       0        0.0%
CODE                 0      0       0       0        0.0%
COMMON               E      6       6       1       42.9%
BITSFR0              0      0       0       1        0.0%
SFR0                 0      0       0       1        0.0%
BITSFR1              0      0       0       2        0.0%
SFR1                 0      0       0       2        0.0%
STACK                0      0       0       2        0.0%
ABS                  0      0       0       3        0.0%
BITBANK0            50      0       0       4        0.0%
BITSFR3              0      0       0       4        0.0%
SFR3                 0      0       0       4        0.0%
BANK0               50      0       0       5        0.0%
BITSFR2              0      0       0       5        0.0%
SFR2                 0      0       0       5        0.0%
BITBANK1            50      0       0       6        0.0%
BANK1               50      0       0       7        0.0%
BITBANK3            60      0       0       8        0.0%
BANK3               60      0       0       9        0.0%
BITBANK2            60      0       0      10        0.0%
BANK2               60      0       0      11        0.0%
DATA                 0      0       0      12        0.0%


Microchip Technology PIC Macro Assembler V2.31 build 20201012212115 
Symbol Table                                                                                   Tue Apr 27 10:26:12 2021

                     l72 00BD                       l74 00C1                       l75 00CA  
                     u10 00C1                       u11 00C0                       u20 00D7  
                     u21 00D6                       u30 00E0                       u31 00DF  
                    l701 00B5                      l711 00BB                      l703 00B7  
                    l713 00BC                      l705 00B8                      l721 00D7  
                    l707 00B9                      l723 00E0                      l715 00CB  
                    l709 00BA                      l725 00E5                      l717 00D0  
                    l671 0080                      l727 00E7                      l719 00D3  
                    l681 0092                      l673 0082                      l729 00EB  
                    l691 00A5                      l683 0098                      l675 008D  
                    l667 0077                      l693 00A9                      l685 009A  
                    l677 0090                      l669 007D                      l695 00AD  
                    l687 009E                      l679 0091                      l697 00B1  
                    l689 00A1                      l699 00B3                      u127 00E9  
                    u137 009C                      _PR2 0092                      _isr 0013  
                   ?_isr 0070                     i1l69 0070                     u4_20 0019  
                   u4_21 0018                     u5_20 0022                     u5_21 0021  
                   u6_20 0031                     u6_21 002D                     u7_24 0034  
                   u8_25 0039                     u9_20 0058                     u9_21 0054  
                   _main 00CB                     btemp 007E                     start 000C  
                  ??_isr 0070                    ?_main 0070                    _ANSEL 0188  
                  i1l731 0013                    i1l741 0034                    i1l733 0019  
                  i1l751 006F                    i1l735 0022                    i1l743 0049  
                  i1l745 004B                    i1l737 0024                    i1l747 0051  
                  i1l739 002A                    i1l749 005B                    u10_24 005B  
                  u11_25 0060                    _PORTA 0005                    _PORTB 0006  
                  _PORTC 0007                    _TRISA 0085                    _TRISB 0086  
                  _TRISC 0087                    _setup 0077                    pclath 000A  
                  status 0003                    wtemp0 007E          __initialization 000F  
           __end_of_main 00F2                   ??_main 0075                   _ADRESH 001E  
                 _ADRESL 009E                   _CCPR1L 0015                   _CCPR2L 001B  
                 ?_setup 0070                   _ANSELH 0189                   saved_w 007E  
__end_of__initialization 000F           __pcstackCOMMON 0070            __end_of_setup 00CB  
                ??_setup 0074               __pmaintext 00CB               __pintentry 0004  
                __ptext1 0077                  __ptext2 0013                _T2CONbits 0012  
           __size_of_isr 0064     end_of_initialization 000F                _PORTBbits 0006  
            _CCP1CONbits 0017              _CCP2CONbits 001D      start_initialization 000F  
            __end_of_isr 0077                ___latbits 0002           __size_of_setup 0054  
      interrupt_function 0004                 _PIE1bits 008C                 _PIR1bits 000C  
             _ADCON0bits 001F               _ADCON1bits 009F            __size_of_main 0027  
             _INTCONbits 000B                 intlevel1 0000               _OSCCONbits 008F  
